<?xml version="1.0" encoding="UTF-8"?>
<testng-results ignored="0" total="1" passed="1" failed="0" skipped="0">
  <reporter-output>
  </reporter-output>
  <suite started-at="2022-07-12T13:07:54 EDT" name="Default suite" finished-at="2022-07-12T13:07:58 EDT" duration-ms="4240">
    <groups>
    </groups>
    <test started-at="2022-07-12T13:07:54 EDT" name="Default test" finished-at="2022-07-12T13:07:58 EDT" duration-ms="4240">
      <class name="files.DynamicJson">
        <test-method signature="addBook()[pri:0, instance:files.DynamicJson@2177849e]" started-at="2022-07-12T13:07:54 EDT" name="addBook" finished-at="2022-07-12T13:07:58 EDT" duration-ms="4173" status="PASS">
          <reporter-output>
          </reporter-output>
        </test-method> <!-- addBook -->
      </class> <!-- files.DynamicJson -->
    </test> <!-- Default test -->
  </suite> <!-- Default suite -->
</testng-results>
